<?xml version="1.0" encoding="UTF-8"?>
<robot generator="Robot 7.3.2 (Python 3.12.4 on win32)" generated="2025-08-12T21:59:26.598767" rpa="false" schemaversion="5">
<suite id="s1" name="MobileTests" source="C:\Users\shant\MobileTests">
<suite id="s1-s1" name="Setting" source="C:\Users\shant\MobileTests\setting.robot">
<test id="s1-s1-t1" name="Open Settings On Samsung M20" line="13">
<kw name="Open Application" owner="AppiumLibrary">
<arg>${REMOTE_URL}</arg>
<arg>platformName=${PLATFORM_NAME}</arg>
<arg>deviceName=${DEVICE_NAME}</arg>
<arg>automationName=${AUTOMATION_NAME}</arg>
<arg>appPackage=${APP_PACKAGE}</arg>
<arg>appActivity=${APP_ACTIVITY}</arg>
<arg>noReset=true</arg>
<doc>Opens a new application to given Appium server.
Capabilities of appium server, Android and iOS,
Please check https://appium.io/docs/en/2.19/guides/caps/
| *Option*            | *Man.* | *Description*     |
| remote_url          | Yes    | Appium server url |
| alias               | No     | alias             |</doc>
<status status="PASS" start="2025-08-12T21:59:27.026585" elapsed="15.858953"/>
</kw>
<kw name="Sleep" owner="BuiltIn">
<msg time="2025-08-12T21:59:44.886205" level="INFO">Slept 2 seconds.</msg>
<arg>2s</arg>
<doc>Pauses the test executed for the given time.</doc>
<status status="PASS" start="2025-08-12T21:59:42.885538" elapsed="2.000667"/>
</kw>
<kw name="Get Source" owner="AppiumLibrary">
<msg time="2025-08-12T21:59:47.626211" level="INFO">${page} = &lt;?xml version='1.0' encoding='UTF-8' standalone='yes' ?&gt;
&lt;hierarchy index="0" class="hierarchy" rotation="0" width="1080" height="2131"&gt;
  &lt;android.widget.FrameLayout index="0" package="com.sec.andr...</msg>
<var>${page}</var>
<doc>Returns the entire source of the current page.</doc>
<status status="PASS" start="2025-08-12T21:59:44.886205" elapsed="2.740006"/>
</kw>
<kw name="Log To Console" owner="BuiltIn">
<arg>${page}</arg>
<doc>Logs the given message to the console.</doc>
<status status="PASS" start="2025-08-12T21:59:47.626211" elapsed="0.000000"/>
</kw>
<kw name="Close Application" owner="AppiumLibrary" type="TEARDOWN">
<doc>Closes the current application and also close webdriver session.</doc>
<status status="PASS" start="2025-08-12T21:59:47.626211" elapsed="2.559962"/>
</kw>
<doc>Opens Settings app on Samsung M20 and logs page source</doc>
<status status="PASS" start="2025-08-12T21:59:27.026585" elapsed="23.159588"/>
</test>
<status status="PASS" start="2025-08-12T21:59:26.630390" elapsed="23.555783"/>
</suite>
<suite id="s1-s2" name="Wifi" source="C:\Users\shant\MobileTests\wifi.robot">
<test id="s1-s2-t1" name="Toggle Wi-Fi On Samsung M20" line="14">
<kw name="Open Application" owner="AppiumLibrary">
<arg>${REMOTE_URL}</arg>
<arg>platformName=${PLATFORM_NAME}</arg>
<arg>platformVersion=${PLATFORM_VERSION}</arg>
<arg>deviceName=${DEVICE_NAME}</arg>
<arg>automationName=${AUTOMATION_NAME}</arg>
<arg>appPackage=${APP_PACKAGE}</arg>
<arg>appActivity=${APP_ACTIVITY}</arg>
<doc>Opens a new application to given Appium server.
Capabilities of appium server, Android and iOS,
Please check https://appium.io/docs/en/2.19/guides/caps/
| *Option*            | *Man.* | *Description*     |
| remote_url          | Yes    | Appium server url |
| alias               | No     | alias             |</doc>
<status status="PASS" start="2025-08-12T21:59:50.191910" elapsed="16.556823"/>
</kw>
<kw name="Wait Until Page Contains" owner="AppiumLibrary">
<arg>Connections</arg>
<doc>Waits until `text` appears on current page.</doc>
<status status="PASS" start="2025-08-12T22:00:06.748733" elapsed="2.776959"/>
</kw>
<kw name="Click Text" owner="AppiumLibrary">
<msg time="2025-08-12T22:00:14.399781" level="INFO">xpath criteria: //*[contains(@text,"Connections")]</msg>
<arg>Connections</arg>
<doc>Click text identified by ``text``.</doc>
<status status="PASS" start="2025-08-12T22:00:09.525692" elapsed="4.874089"/>
</kw>
<kw name="Wait Until Page Contains" owner="AppiumLibrary">
<arg>Wi-Fi</arg>
<arg>timeout=10s</arg>
<doc>Waits until `text` appears on current page.</doc>
<status status="PASS" start="2025-08-12T22:00:14.399781" elapsed="2.860617"/>
</kw>
<kw name="Click Text" owner="AppiumLibrary">
<msg time="2025-08-12T22:00:21.752542" level="INFO">xpath criteria: //*[contains(@text,"Wi-Fi")]</msg>
<arg>Wi-Fi</arg>
<doc>Click text identified by ``text``.</doc>
<status status="PASS" start="2025-08-12T22:00:17.260398" elapsed="4.492144"/>
</kw>
<kw name="Wait Until Page Contains Element" owner="AppiumLibrary">
<msg time="2025-08-12T22:00:24.031251" level="INFO">xpath criteria: //android.widget.Switch</msg>
<arg>xpath=//android.widget.Switch</arg>
<doc>Waits until element specified with `locator` appears on current page.</doc>
<status status="PASS" start="2025-08-12T22:00:21.752542" elapsed="2.278709"/>
</kw>
<kw name="Click Element" owner="AppiumLibrary">
<msg time="2025-08-12T22:00:24.031251" level="INFO">Clicking element 'xpath=//android.widget.Switch'.</msg>
<msg time="2025-08-12T22:00:28.688532" level="INFO">xpath criteria: //android.widget.Switch</msg>
<arg>xpath=//android.widget.Switch</arg>
<doc>Click element identified by `locator`.</doc>
<status status="PASS" start="2025-08-12T22:00:24.031251" elapsed="4.657281"/>
</kw>
<kw name="Sleep" owner="BuiltIn">
<msg time="2025-08-12T22:00:30.688789" level="INFO">Slept 2 seconds.</msg>
<arg>2s</arg>
<doc>Pauses the test executed for the given time.</doc>
<status status="PASS" start="2025-08-12T22:00:28.688532" elapsed="2.000257"/>
</kw>
<kw name="Close Application" owner="AppiumLibrary">
<doc>Closes the current application and also close webdriver session.</doc>
<status status="PASS" start="2025-08-12T22:00:30.688789" elapsed="2.943972"/>
</kw>
<status status="PASS" start="2025-08-12T21:59:50.190318" elapsed="43.442443"/>
</test>
<status status="PASS" start="2025-08-12T21:59:50.188208" elapsed="43.444553"/>
</suite>
<status status="PASS" start="2025-08-12T21:59:26.598767" elapsed="67.033994"/>
</suite>
<statistics>
<total>
<stat pass="2" fail="0" skip="0">All Tests</stat>
</total>
<tag>
</tag>
<suite>
<stat name="MobileTests" id="s1" pass="2" fail="0" skip="0">MobileTests</stat>
<stat name="Setting" id="s1-s1" pass="1" fail="0" skip="0">MobileTests.Setting</stat>
<stat name="Wifi" id="s1-s2" pass="1" fail="0" skip="0">MobileTests.Wifi</stat>
</suite>
</statistics>
<errors>
</errors>
</robot>
